<?xml version="1.0" encoding="UTF-8"?>
<!--
  #%L
  Integeration test for JUDO framework RDBMS filestore
  %%
  Copyright (C) 2018 - 2022 BlackBelt Technology
  %%
  Licensed under the Apache License, Version 2.0 (the "License");
  you may not use this file except in compliance with the License.
  You may obtain a copy of the License at
  
       http://www.apache.org/licenses/LICENSE-2.0
  
  Unless required by applicable law or agreed to in writing, software
  distributed under the License is distributed on an "AS IS" BASIS,
  WITHOUT WARRANTIES OR CONDITIONS OF ANY KIND, either express or implied.
  See the License for the specific language governing permissions and
  limitations under the License.
  #L%
  -->

<features name="judo-TEST"
          xmlns="http://karaf.apache.org/xmlns/features/v1.5.0"
          xmlns:xsi="http://www.w3.org/2001/XMLSchema-instance"
          xsi:schemaLocation="http://karaf.apache.org/xmlns/features/v1.5.0 http://karaf.apache.org/xmlns/features/v1.5.0">

    <repository>mvn:hu.blackbelt.karaf.features/apache-httpclient-features/${karaf-features-version}/xml/features</repository>


    <feature name="test"  version="1" description="Base test features" install="true">
        <feature prerequisite="true">wrap</feature>
        <feature prerequisite="true">shell</feature>
        <feature prerequisite="true">scr</feature>
        <feature>apache-httpclient4</feature>
    </feature>

</features>
